  MainCode.cpp
C:\CS330Content\CS330Content\Utilities\linmath.h(64,1): warning C4244: 'initializing': conversion from 'double' to 'float', possible loss of data
  (compiling source file 'Source/MainCode.cpp')
  
C:\CS330Content\CS330Content\Utilities\linmath.h(65,1): warning C4244: 'initializing': conversion from 'double' to 'float', possible loss of data
  (compiling source file 'Source/MainCode.cpp')
  
C:\CS330Content\CS330Content\Utilities\linmath.h(66,1): warning C4244: 'initializing': conversion from 'double' to 'float', possible loss of data
  (compiling source file 'Source/MainCode.cpp')
  
C:\CS330Content\CS330Content\Utilities\linmath.h(344,17): warning C4244: '=': conversion from 'double' to 'float', possible loss of data
  (compiling source file 'Source/MainCode.cpp')
  
C:\CS330Content\CS330Content\Utilities\linmath.h(597,18): warning C4244: 'argument': conversion from 'double' to 'float', possible loss of data
  (compiling source file 'Source/MainCode.cpp')
  
C:\CS330Content\CS330Content\Utilities\linmath.h(604,18): warning C4244: 'argument': conversion from 'double' to 'float', possible loss of data
  (compiling source file 'Source/MainCode.cpp')
  
C:\Program Files (x86)\Windows Kits\10\Include\10.0.22621.0\shared\minwindef.h(130,9): warning C4005: 'APIENTRY': macro redefinition
  (compiling source file 'Source/MainCode.cpp')
      C:\CS330Content\CS330Content\Libraries\GLFW\include\GLFW\glfw3.h(123,11):
      see previous definition of 'APIENTRY'
  
C:\CS330Content\CS330Content\Projects\8-2_Assignment\Source\MainCode.cpp(14,31): warning C4305: 'initializing': truncation from 'double' to 'float'
C:\CS330Content\CS330Content\Projects\8-2_Assignment\Source\MainCode.cpp(179,12): warning C4244: 'argument': conversion from 'time_t' to 'unsigned int', possible loss of data
C:\CS330Content\CS330Content\Projects\8-2_Assignment\Source\MainCode.cpp(245,21): warning C4018: '<': signed/unsigned mismatch
  8-2_Assignment.vcxproj -> C:\CS330Content\CS330Content\Projects\8-2_Assignment\Debug\8-2_Assignment.exe
